<?xml version="1.0" encoding="UTF-8"?>
<!-- Generated by org.testng.reporters.JUnitReportReporter -->
<testsuite hostname="PE-BGLR-683" failures="0" tests="1" name="com.sdet.sdetPractise.docker.RemoteGridWithDocker3" time="5.963" errors="0" timestamp="2022-12-30T21:04:42 IST" skipped="0">
  <testcase classname="com.sdet.sdetPractise.docker.RemoteGridWithDocker3" name="test3" time="5.963"/>
  <system-out/>
</testsuite> <!-- com.sdet.sdetPractise.Docker.RemoteGridWithDocker3 -->
