<?xml version="1.0" encoding="UTF-8"?>
<!-- Generated by org.testng.reporters.JUnitReportReporter -->
<testsuite hostname="ip-10-32-0-121.ap-south-1.compute.internal" failures="0" tests="1" name="com.sdet.sdetPractise.docker.DockerBaseTest" time="0.034" errors="0" timestamp="2023-01-03T13:58:46 IST" skipped="0">
  <testcase classname="com.sdet.sdetPractise.docker.DockerBaseTest" name="initializeDockerServer" time="0.034"/>
  <system-out/>
</testsuite> <!-- com.sdet.sdetPractise.Docker.DockerStart -->
